<?xml version="1.0" encoding="UTF-8"?>
<!-- Generated by org.testng.reporters.JUnitReportReporter -->
<testsuite skipped="0" hostname="ITSG007949-MAC" name="runner.CucumberRunner" tests="2" failures="0" timestamp="2022-08-08T14:52:51 SGT" time="47.303" errors="0">
  <testcase name="runScenario" time="27.658" classname="runner.CucumberRunner"/>
  <system-out/>
  <testcase name="runScenario" time="19.645" classname="runner.CucumberRunner"/>
  <system-out/>
</testsuite> <!-- runner.CucumberRunner -->
