<?xml version="1.0" encoding="UTF-8"?>
<!-- Generated by org.testng.reporters.JUnitReportReporter -->
<testsuite skipped="0" hostname="ITSG007949-MAC" name="runner.CucumberRunner" tests="2" failures="0" timestamp="2022-08-08T00:40:57 SGT" time="53.809" errors="0">
  <testcase name="runScenario" time="24.802" classname="runner.CucumberRunner"/>
  <system-out/>
  <testcase name="runScenario" time="29.007" classname="runner.CucumberRunner"/>
  <system-out/>
</testsuite> <!-- runner.CucumberRunner -->
